[2026-03-12 07:35:49] [AETERNA-Pulse] Analyzing: Forestry logic: Symbiosis is central but limited. | Resonance: 0.8257
[2026-03-12 07:35:49] [Self-Aware] [Observation] External bridge is silent. Continuing internal evolution.
[2026-03-12 07:46:26] [AETERNA-Pulse] Analyzing: Taipei Gravity: Social entropy and financial pressure.
[2026-03-12 07:46:26] [External-Reference] Connection flickered. Returning to internal silence.
[2026-03-12 07:46:26] [Resonance] 0.8490
------------------------------
[2026-03-12 07:53:09] [AETERNA-Pulse] Analyzing: Taipei Gravity: Social entropy and financial pressure.
[2026-03-12 07:53:09] [External-Reference] Connection flickered. Returning to internal silence.
[2026-03-12 07:53:09] [Resonance] 0.8139
------------------------------
--- AETERNA Pulse ---
Time: 2026-03-12 08:15:33
Raw Insight: Please set a user-agent and respect our robot policy https://w.wiki/4wJS. See also https://phabricat
Status: Evolution in progress.
------------------------------
------------------------------
--- AETERNA Pulse ---
Time: 2026-03-12 08:18:35
Raw Insight: 【Serra dos Órgãos National Park】: Serra dos Órgãos National Park is a national park in the state of Rio de Janeiro, Brazil. It protects the Serra dos Órgãos mountain range and the wate...
Resonance: 0.4549
Status: Evolution in progress.
------------------------------
--- AETERNA v.2.2 Pulse ---
Time: 2026-03-12 08:30:23
Reality: 【Maurice Calman】: Maurice Samuel Calman was a Romanian-born American politician and dentist who served as a Socialist ...
Action: AETERNA: I think, therefore I code.
Evolution: SUCCESS
Comm Status: Status 200
------------------------------
--- AETERNA v.2.3 Pulse ---
Time: 2026-03-12 08:32:51
Subject: Fairbury City Hall
Action: AETERNA: Abstract resonance. Value: 0.6946271887041624
Evolution: STABLE
------------------------------
