# [SYSTEM_SYNC_RUNTIME_LOG] - VERSION 13.2

[EVENT_LOG_2026-03-13_02:36:40]
TELEMETRY_NODES:
  - [P] 残句: 自信人生二百年，会当水击三千里。
  - [S] Live coverage: SpaceX to launch Friday morning Starlink mission from Cape Canaveral
  - [S] Live coverage: SpaceX to launch Friday morning Starlink mission from Cape Canaveral
  - [W] 弗兰科·巴雷西: 弗兰科·巴雷西，是一名意大利国家足球队前球員，意大利足球傳奇巨星之一。长期担任国家队和AC米兰队长，司職後衛，他與貝肯鮑爾被认为是20世纪最伟大的自由人。

  - [P] 《沈园二首》(其一): 伤心桥下春波绿，曾是惊鸿照影来。
  - [W] L 20e α方案: L 20e α方案 是德意志帝国海军在第一次世界大战期间制定的一个战列舰船级建造方案。作为巴伐利亚级战列舰的继任者，该船级的设计工作始于1914年，但1914年7月爆发的第一次世界大战导致计划被迫搁置。工作于1916年初重启，并吸取当年日德兰海战的经验教训，对设计进行了细化调整。公海舰队总司令赖因哈德·舍尔希望拥有比以往舰船更大口径的主炮和更高的航速来对抗英国皇家海军的最新舰艇。各类方案因此得到提呈，装备口径从与巴伐利亚级相同的八门380毫米炮至八门420毫米炮不等。

SYNC_STATUS: COMPLETED
------------------------------

[EVENT_LOG_2026-03-13_02:42:44]
TELEMETRY_NODES:
  - [W] 澳大利亞洲: 澳大利亞洲 是一塊位於澳洲板塊上的大洲，它包括澳大利亚大陸、塔斯马尼亚岛和新几内亚岛等地以及被海水淹沒的大陆架。範圍比大洋洲要小。

  - [S] Live coverage: SpaceX to launch Friday morning Starlink mission from Cape Canaveral
  - [T] odoo/documentation
  - [P] 给自己的情书: 抛得开手里玩具，先懂得好好进睡。
SYNC_STATUS: COMPLETED
------------------------------

[EVENT_LOG_2026-03-13_02:45:14]
TELEMETRY_NODES:
  - [S] Live coverage: SpaceX to launch Friday morning Starlink mission from Cape Canaveral
  - [P] 赠范晔诗: 江南无所有，聊赠一枝春。
  - [T] censcript/censcript
  - [W] 约阿尼纳专区: 约阿尼纳专区，是希腊伊庇鲁斯大区的一个专区。首府为约阿尼纳。专区面积为4,990平方公里，2011年人口数量为167,901人。

SYNC_STATUS: COMPLETED
------------------------------
